<?xml version="1.0" encoding="UTF-8"?>
<testsuite xmlns:xsi="http://www.w3.org/2001/XMLSchema-instance" xsi:noNamespaceSchemaLocation="https://maven.apache.org/surefire/maven-surefire-plugin/xsd/surefire-test-report.xsd" name="TestSuite" time="542.825" tests="4" errors="0" skipped="0" failures="1">
  <properties>
[...]
</properties>
  <testcase name="shouldAnswerWithTrue" classname="com.keywee.shorten.AppTest" time="0.009"/>
  <testcase name="sameLinkWillProduceTheSameShortLink" classname="com.keywee.shorten.TestClassForService" time="77.029"/>
  <testcase name="testShortExapndsToOriginalLink" classname="com.keywee.shorten.TestClassForService" time="354.496">
    <failure message="timeout&#10;  (Session info: chrome=70.0.3538.77)&#10;  (Driver info: chromedriver=2.43.600210 (68dcf5eebde37173d4027fa8635e332711d2874a),platform=Windows NT 10.0.17134 x86_64) (WARNING: The server did not provide any stacktrace information)&#10;Command duration or timeout: 0 milliseconds&#10;Build info: version: &apos;3.141.0&apos;, revision: &apos;2ecb7d9a&apos;, time: &apos;2018-10-31T20:09:30&apos;&#10;System info: host: &apos;QA-EREZ&apos;, ip: &apos;192.168.1.194&apos;, os.name: &apos;Windows 10&apos;, os.arch: &apos;amd64&apos;, os.version: &apos;10.0&apos;, java.version: &apos;1.8.0_151&apos;&#10;Driver info: org.openqa.selenium.chrome.ChromeDriver&#10;Capabilities {acceptInsecureCerts: false, acceptSslCerts: false, applicationCacheEnabled: false, browserConnectionEnabled: false, browserName: chrome, chrome: {chromedriverVersion: 2.43.600210 (68dcf5eebde371..., userDataDir: C:\Users\EREZ~1.NAI\AppData...}, cssSelectorsEnabled: true, databaseEnabled: false, goog:chromeOptions: {debuggerAddress: localhost:57947}, handlesAlerts: true, hasTouchScreen: false, javascriptEnabled: true, locationContextEnabled: true, mobileEmulationEnabled: false, nativeEvents: true, networkConnectionEnabled: false, pageLoadStrategy: normal, platform: XP, platformName: XP, rotatable: false, setWindowRect: true, takesHeapSnapshot: true, takesScreenshot: true, unexpectedAlertBehaviour: , unhandledPromptBehavior: , version: 70.0.3538.77, webStorageEnabled: true}&#10;Session ID: 13921d70ba607ea4e03328116e3b351f" type="org.openqa.selenium.TimeoutException">org.openqa.selenium.TimeoutException: 
timeout
  (Session info: chrome=70.0.3538.77)
  (Driver info: chromedriver=2.43.600210 (68dcf5eebde37173d4027fa8635e332711d2874a),platform=Windows NT 10.0.17134 x86_64) (WARNING: The server did not provide any stacktrace information)
Command duration or timeout: 0 milliseconds
Build info: version: '3.141.0', revision: '2ecb7d9a', time: '2018-10-31T20:09:30'
System info: host: 'QA-EREZ', ip: '192.168.1.194', os.name: 'Windows 10', os.arch: 'amd64', os.version: '10.0', java.version: '1.8.0_151'
Driver info: org.openqa.selenium.chrome.ChromeDriver
Capabilities {acceptInsecureCerts: false, acceptSslCerts: false, applicationCacheEnabled: false, browserConnectionEnabled: false, browserName: chrome, chrome: {chromedriverVersion: 2.43.600210 (68dcf5eebde371..., userDataDir: C:\Users\EREZ~1.NAI\AppData...}, cssSelectorsEnabled: true, databaseEnabled: false, goog:chromeOptions: {debuggerAddress: localhost:57947}, handlesAlerts: true, hasTouchScreen: false, javascriptEnabled: true, locationContextEnabled: true, mobileEmulationEnabled: false, nativeEvents: true, networkConnectionEnabled: false, pageLoadStrategy: normal, platform: XP, platformName: XP, rotatable: false, setWindowRect: true, takesHeapSnapshot: true, takesScreenshot: true, unexpectedAlertBehaviour: , unhandledPromptBehavior: , version: 70.0.3538.77, webStorageEnabled: true}
Session ID: 13921d70ba607ea4e03328116e3b351f
	at com.keywee.shorten.TestClassForService.testShortExapndsToOriginalLink(TestClassForService.java:42)
</failure>
    <system-out><![CDATA[2018-11-08 17:24:49 [main] INFO  com.keywee.shorten.ConnectAndBrowse - System OS is: Windows 10
2018-11-08 17:24:49 [main] INFO  com.keywee.shorten.ConnectAndBrowse - Setting the correct os WebDriver driver...
2018-11-08 17:24:52 [main] INFO  com.keywee.shorten.ConnectAndBrowse - Getting the base url for SUT
2018-11-08 17:25:38 [main] INFO  com.keywee.shorten.ConnectAndBrowse - Going to shorten the long link: https://www.amazon.com/Kindle-Wireless-Reading-Display-Globally/dp/B003FSUDM4/ref=amb_link_353259562_2?pf_rd_m=ATVPDKIKX0DER&pf_rd_s=center-10&pf_rd_r=11EYKTN682A79T370AM3&pf_rd_t=201&pf_rd_p=1270985982&pf_rd_i=B002Y27P3M
2018-11-08 17:25:42 [main] INFO  com.keywee.shorten.ConnectAndBrowse - Returning driver from com.keywee.shorten.ConnectAndBrowse
]]></system-out>
    <system-err><![CDATA[Starting ChromeDriver 2.43.600210 (68dcf5eebde37173d4027fa8635e332711d2874a) on port 34453
Only local connections are allowed.
Nov 08, 2018 5:24:52 PM org.openqa.selenium.remote.ProtocolHandshake createSession
INFO: Detected dialect: OSS
[1541691043.481][SEVERE]: Timed out receiving message from renderer: 300.000
[1541691043.493][SEVERE]: Timed out receiving message from renderer: -0.022
]]></system-err>
  </testcase>
  <testcase name="testUpTo8AlphaNumericCharacters" classname="com.keywee.shorten.TestClassForService" time="109.176"/>
</testsuite>